<?xml version="1.0" encoding="UTF-8"?>
<testsuite xmlns:xsi="http://www.w3.org/2001/XMLSchema-instance" xsi:noNamespaceSchemaLocation="https://maven.apache.org/surefire/maven-surefire-plugin/xsd/surefire-test-report.xsd" version="3.0.2" name="TestSuite" time="4.686" tests="1" errors="0" skipped="0" failures="0">
  <properties>
[...]
</properties>
  <testcase name="runScenario[&quot;All items on home able to shop or not&quot;, &quot;This feature consists of scenarios related to login &amp; logout of application&quot;](1)" classname="testRunners.TestRunnerTestNG" time="2.685">
    <system-out><![CDATA[
@sanity @smoke @sanity @smoke @regression
Scenario: All items on home able to shop or not                                                      # src/test/java/features/LoginLogout.feature:7
2024-09-29T05:16:25.589462900Z TestNG-PoolService-1 DEBUG Apache Log4j Core 2.24 initializing configuration org.apache.logging.log4j.core.config.properties.PropertiesConfiguration@7c9b665f
2024-09-29T05:16:25.589462900Z TestNG-PoolService-1 DEBUG PluginManager 'Core' found 131 plugins
2024-09-29T05:16:25.589462900Z TestNG-PoolService-1 DEBUG PluginManager 'Level' found 0 plugins
2024-09-29T05:16:25.589462900Z TestNG-PoolService-1 DEBUG Building Plugin[name=Property, class=org.apache.logging.log4j.core.config.Property].
2024-09-29T05:16:25.611305400Z TestNG-PoolService-1 DEBUG PluginManager 'TypeConverter' found 26 plugins
2024-09-29T05:16:25.621122400Z TestNG-PoolService-1 DEBUG createProperty(name="logFilePath", value="logs/execution_automation.log", Configuration(PropertiesConfig))
2024-09-29T05:16:25.621122400Z TestNG-PoolService-1 DEBUG Building Plugin[name=Properties, class=org.apache.logging.log4j.core.config.PropertiesPlugin].
2024-09-29T05:16:25.627646700Z TestNG-PoolService-1 DEBUG configureSubstitutor(={logFilePath=logs/execution_automation.log}, Configuration(PropertiesConfig))
2024-09-29T05:16:25.627646700Z TestNG-PoolService-1 DEBUG PluginManager 'Lookup' found 16 plugins
2024-09-29T05:16:25.627646700Z TestNG-PoolService-1 DEBUG Building Plugin[name=AppenderRef, class=org.apache.logging.log4j.core.config.AppenderRef].
2024-09-29T05:16:25.627646700Z TestNG-PoolService-1 DEBUG createAppenderRef(ref="LogToFile", level="null", Filter=null)
2024-09-29T05:16:25.627646700Z TestNG-PoolService-1 DEBUG Building Plugin[name=AppenderRef, class=org.apache.logging.log4j.core.config.AppenderRef].
2024-09-29T05:16:25.627646700Z TestNG-PoolService-1 DEBUG createAppenderRef(ref="STDOUT", level="null", Filter=null)
2024-09-29T05:16:25.627646700Z TestNG-PoolService-1 DEBUG Building Plugin[name=Root, class=org.apache.logging.log4j.core.config.LoggerConfig$RootLogger].
2024-09-29T05:16:25.637559900Z TestNG-PoolService-1 DEBUG LoggerConfig$RootLogger$Builder(additivity="null", level="DEBUG", levelAndRefs="null", includeLocation="null", ={LogToFile, STDOUT}, ={}, Configuration(PropertiesConfig), Filter=null)
2024-09-29T05:16:25.637559900Z TestNG-PoolService-1 DEBUG Building Plugin[name=Loggers, class=org.apache.logging.log4j.core.config.LoggersPlugin].
2024-09-29T05:16:25.637559900Z TestNG-PoolService-1 DEBUG createLoggers(={root})
2024-09-29T05:16:25.637559900Z TestNG-PoolService-1 DEBUG Building Plugin[name=layout, class=org.apache.logging.log4j.core.layout.PatternLayout].
2024-09-29T05:16:25.642566700Z TestNG-PoolService-1 DEBUG PatternLayout$Builder(pattern="%d{yyyy-MM-dd HH:mm:ss} %-5p %c{1}:%L - %m%n", PatternSelector=null, Configuration(PropertiesConfig), Replace=null, charset="null", alwaysWriteExceptions="null", disableAnsi="null", noConsoleNoAnsi="null", header="null", footer="null")
2024-09-29T05:16:25.642566700Z TestNG-PoolService-1 DEBUG PluginManager 'Converter' found 45 plugins
2024-09-29T05:16:25.642566700Z TestNG-PoolService-1 DEBUG Building Plugin[name=appender, class=org.apache.logging.log4j.core.appender.ConsoleAppender].
2024-09-29T05:16:25.651573Z TestNG-PoolService-1 DEBUG ConsoleAppender$Builder(target="null", follow="null", direct="null", bufferedIo="null", bufferSize="null", immediateFlush="null", ignoreExceptions="null", PatternLayout(%d{yyyy-MM-dd HH:mm:ss} %-5p %c{1}:%L - %m%n), name="STDOUT", Configuration(PropertiesConfig), Filter=null, ={})
2024-09-29T05:16:25.651573Z TestNG-PoolService-1 DEBUG Starting OutputStreamManager SYSTEM_OUT.false.false
2024-09-29T05:16:25.651573Z TestNG-PoolService-1 DEBUG Building Plugin[name=layout, class=org.apache.logging.log4j.core.layout.PatternLayout].
2024-09-29T05:16:25.651573Z TestNG-PoolService-1 DEBUG PatternLayout$Builder(pattern="%d{yyyy-MM-dd HH:mm:ss} [%t] %-5p %c{1}:%L - %m%n", PatternSelector=null, Configuration(PropertiesConfig), Replace=null, charset="null", alwaysWriteExceptions="null", disableAnsi="null", noConsoleNoAnsi="null", header="null", footer="null")
2024-09-29T05:16:25.651573Z TestNG-PoolService-1 DEBUG Building Plugin[name=appender, class=org.apache.logging.log4j.core.appender.FileAppender].
2024-09-29T05:16:25.667234400Z TestNG-PoolService-1 DEBUG FileAppender$Builder(fileName="logs/execution_automation.log", append="false", locking="null", advertise="null", advertiseUri="null", createOnDemand="null", filePermissions="null", fileOwner="null", fileGroup="null", bufferedIo="null", bufferSize="null", immediateFlush="null", ignoreExceptions="null", PatternLayout(%d{yyyy-MM-dd HH:mm:ss} [%t] %-5p %c{1}:%L - %m%n), name="LogToFile", Configuration(PropertiesConfig), Filter=null, ={})
2024-09-29T05:16:25.670802400Z TestNG-PoolService-1 DEBUG Starting FileManager logs/execution_automation.log
2024-09-29T05:16:25.670802400Z TestNG-PoolService-1 DEBUG Building Plugin[name=Appenders, class=org.apache.logging.log4j.core.config.AppendersPlugin].
2024-09-29T05:16:25.670802400Z TestNG-PoolService-1 DEBUG createAppenders(={STDOUT, LogToFile})
2024-09-29T05:16:25.670802400Z TestNG-PoolService-1 DEBUG Configuration org.apache.logging.log4j.core.config.properties.PropertiesConfiguration@7c9b665f initialized
2024-09-29T05:16:25.670802400Z TestNG-PoolService-1 DEBUG Starting configuration org.apache.logging.log4j.core.config.properties.PropertiesConfiguration@7c9b665f
2024-09-29T05:16:25.670802400Z TestNG-PoolService-1 DEBUG Started configuration org.apache.logging.log4j.core.config.properties.PropertiesConfiguration@7c9b665f OK.
2024-09-29T05:16:25.670802400Z TestNG-PoolService-1 DEBUG Shutting down OutputStreamManager SYSTEM_OUT.false.false-1
2024-09-29T05:16:25.670802400Z TestNG-PoolService-1 DEBUG OutputStream closed
2024-09-29T05:16:25.674383800Z TestNG-PoolService-1 DEBUG Shut down OutputStreamManager SYSTEM_OUT.false.false-1, all resources released: true
2024-09-29T05:16:25.674383800Z TestNG-PoolService-1 DEBUG Appender DefaultConsole-1 stopped with status true
2024-09-29T05:16:25.674383800Z TestNG-PoolService-1 DEBUG Stopped org.apache.logging.log4j.core.config.DefaultConfiguration@73e972b3 OK
2024-09-29T05:16:25.674982200Z TestNG-PoolService-1 DEBUG org.apache.logging.log4j.core.util.SystemClock supports precise timestamps.
2024-09-29T05:16:25.674982200Z TestNG-PoolService-1 DEBUG Reconfiguration complete for context[name=70dea4e] at URI E:\Learn\Selenium_Practise\SauceLabs_CucumberBDD\target\test-classes\log4j2.properties (org.apache.logging.log4j.core.LoggerContext@12b31d65) with optional ClassLoader: null
2024-09-29T05:16:25.674982200Z TestNG-PoolService-1 DEBUG Shutdown hook enabled. Registering a new one.
2024-09-29T05:16:25.674982200Z TestNG-PoolService-1 DEBUG LoggerContext[name=70dea4e, org.apache.logging.log4j.core.LoggerContext@12b31d65] started OK.
2024-09-29 10:46:25 INFO  Log4jLoggers:23 - ********************************************************************************************
2024-09-29 10:46:25 INFO  Log4jLoggers:24 - ************************* All items on home able to shop or not ********************************************
2024-09-29 10:46:25 INFO  Log4jLoggers:25 - ********************************-S-T-A-R-T**************************************************
  Given Log into sauce labs application with credentials "standard_user" and password "secret_sauce" # stepDefinitions.shoppingCart.applicationLogin(java.lang.String,java.lang.String)
  Given User at home page or not                                                                     # stepDefinitions.shoppingCart.user_at_home_page_or_not()
  Then validate each item in home page haveing Add to cart button                                    # stepDefinitions.shoppingCart.validate_each_item_in_home_page_haveing_add_to_cart_button()
]]></system-out>
    <system-err><![CDATA[SLF4J: Failed to load class "org.slf4j.impl.StaticLoggerBinder".
SLF4J: Defaulting to no-operation (NOP) logger implementation
SLF4J: See http://www.slf4j.org/codes.html#StaticLoggerBinder for further details.
Sept 29, 2024 10:46:24 AM org.openqa.selenium.devtools.CdpVersionFinder findNearestMatch
WARNING: Unable to find an exact match for CDP version 129, returning the closest version; found: 127; Please update to a Selenium version that supports CDP version 129
]]></system-err>
  </testcase>
</testsuite>