<?xml version="1.0" encoding="UTF-8"?>
<testng-results ignored="0" total="1" passed="1" failed="0" skipped="0">
  <reporter-output>
  </reporter-output>
  <suite started-at="2024-09-29T10:46:22 IST" name="Surefire suite" finished-at="2024-09-29T10:46:27 IST" duration-ms="4370">
    <groups>
      <group name="cucumber">
        <method signature="AbstractTestNGCucumberTests.runScenario(io.cucumber.testng.PickleWrapper,io.cucumber.testng.FeatureWrapper)[pri:0, instance:testRunners.TestRunnerTestNG@71809907]" name="runScenario" class="io.cucumber.testng.AbstractTestNGCucumberTests"/>
      </group> <!-- cucumber -->
    </groups>
    <test started-at="2024-09-29T10:46:22 IST" name="Surefire test" finished-at="2024-09-29T10:46:27 IST" duration-ms="4370">
      <class name="testRunners.TestRunnerTestNG">
        <test-method is-config="true" signature="setUpClass(org.testng.ITestContext)[pri:0, instance:testRunners.TestRunnerTestNG@71809907]" started-at="2024-09-29T10:46:22 IST" name="setUpClass" finished-at="2024-09-29T10:46:23 IST" duration-ms="548" status="PASS">
          <params>
            <param index="0">
              <value>
                <![CDATA[org.testng.TestRunner@6913c1fb]]>
              </value>
            </param>
          </params>
          <reporter-output>
          </reporter-output>
        </test-method> <!-- setUpClass -->
        <test-method signature="runScenario(io.cucumber.testng.PickleWrapper,io.cucumber.testng.FeatureWrapper)[pri:0, instance:testRunners.TestRunnerTestNG@71809907]" started-at="2024-09-29T10:46:23 IST" name="runScenario" description="Runs Cucumber Scenarios" data-provider="scenarios" finished-at="2024-09-29T10:46:26 IST" duration-ms="2697" status="PASS">
          <params>
            <param index="0">
              <value>
                <![CDATA["All items on home able to shop or not"]]>
              </value>
            </param>
            <param index="1">
              <value>
                <![CDATA["This feature consists of scenarios related to login & logout of application"]]>
              </value>
            </param>
          </params>
          <reporter-output>
          </reporter-output>
        </test-method> <!-- runScenario -->
        <test-method is-config="true" signature="tearDownClass()[pri:0, instance:testRunners.TestRunnerTestNG@71809907]" started-at="2024-09-29T10:46:26 IST" name="tearDownClass" finished-at="2024-09-29T10:46:27 IST" duration-ms="1101" status="PASS">
          <reporter-output>
          </reporter-output>
        </test-method> <!-- tearDownClass -->
      </class> <!-- testRunners.TestRunnerTestNG -->
    </test> <!-- Surefire test -->
  </suite> <!-- Surefire suite -->
</testng-results>
